<?xml version="1.0" encoding="UTF-8"?>
<!-- Generated by org.testng.reporters.JUnitReportReporter -->
<testsuite skipped="0" hostname="Sharma-PC" name="pack11.login" tests="1" failures="0" timestamp="16 Jan 2018 13:51:20 GMT" time="16.849" errors="0">
  <testcase name="f" time="16.849" classname="pack11.login"/>
</testsuite> <!-- pack11.login -->
